Using pre-set license
Built from '2021.3/staging' branch; Version is '2021.3.16f1 (4016570cf34f) revision 4200023'; Using compiler version '192829333'; Build Type 'Release'
OS: 'Windows 11  (10.0.22000) 64bit CoreSingleLanguage' Language: 'ru' Physical Memory: 16225 MB
BatchMode: 1, IsHumanControllingUs: 0, StartBugReporterOnCrash: 0, Is64bit: 1, IsPro: 1

COMMAND LINE ARGUMENTS:
C:\Program Files\Unity\Hub\Editor\2021.3.16f1\Editor\Unity.exe
-adb2
-batchMode
-noUpm
-name
AssetImportWorker2
-projectPath
C:/Users/vipvi/OneDrive/Documents/GitHub/Unity/MyFirstGame
-logFile
Logs/AssetImportWorker2.log
-srvPort
59769
Successfully changed project path to: C:/Users/vipvi/OneDrive/Documents/GitHub/Unity/MyFirstGame
C:/Users/vipvi/OneDrive/Documents/GitHub/Unity/MyFirstGame
[UnityMemory] Configuration Parameters - Can be set up in boot.config
    "memorysetup-bucket-allocator-granularity=16"
    "memorysetup-bucket-allocator-bucket-count=8"
    "memorysetup-bucket-allocator-block-size=33554432"
    "memorysetup-bucket-allocator-block-count=8"
    "memorysetup-main-allocator-block-size=16777216"
    "memorysetup-thread-allocator-block-size=16777216"
    "memorysetup-gfx-main-allocator-block-size=16777216"
    "memorysetup-gfx-thread-allocator-block-size=16777216"
    "memorysetup-cache-allocator-block-size=4194304"
    "memorysetup-typetree-allocator-block-size=2097152"
    "memorysetup-profiler-bucket-allocator-granularity=16"
    "memorysetup-profiler-bucket-allocator-bucket-count=8"
    "memorysetup-profiler-bucket-allocator-block-size=33554432"
    "memorysetup-profiler-bucket-allocator-block-count=8"
    "memorysetup-profiler-allocator-block-size=16777216"
    "memorysetup-profiler-editor-allocator-block-size=1048576"
    "memorysetup-temp-allocator-size-main=16777216"
    "memorysetup-job-temp-allocator-block-size=2097152"
    "memorysetup-job-temp-allocator-block-size-background=1048576"
    "memorysetup-job-temp-allocator-reduction-small-platforms=262144"
    "memorysetup-temp-allocator-size-background-worker=32768"
    "memorysetup-temp-allocator-size-job-worker=262144"
    "memorysetup-temp-allocator-size-preload-manager=33554432"
    "memorysetup-temp-allocator-size-nav-mesh-worker=65536"
    "memorysetup-temp-allocator-size-audio-worker=65536"
    "memorysetup-temp-allocator-size-cloud-worker=32768"
    "memorysetup-temp-allocator-size-gi-baking-worker=262144"
    "memorysetup-temp-allocator-size-gfx=262144"
Player connection [10952] Host "[IP] 192.168.0.3 [Port] 0 [Flags] 2 [Guid] 1680159289 [EditorId] 1680159289 [Version] 1048832 [Id] WindowsEditor(7,SuperPK) [Debug] 1 [PackageName] WindowsEditor [ProjectName] Editor" joined multi-casting on [225.0.0.222:54997]...

Player connection [10952] Host "[IP] 192.168.0.3 [Port] 0 [Flags] 2 [Guid] 1680159289 [EditorId] 1680159289 [Version] 1048832 [Id] WindowsEditor(7,SuperPK) [Debug] 1 [PackageName] WindowsEditor [ProjectName] Editor" joined alternative multi-casting on [225.0.0.222:34997]...

Refreshing native plugins compatible for Editor in 72.22 ms, found 4 plugins.
Preloading 0 native plugins for Editor in 0.00 ms.
Initialize engine version: 2021.3.16f1 (4016570cf34f)
[Subsystems] Discovering subsystems at path C:/Program Files/Unity/Hub/Editor/2021.3.16f1/Editor/Data/Resources/UnitySubsystems
[Subsystems] Discovering subsystems at path C:/Users/vipvi/OneDrive/Documents/GitHub/Unity/MyFirstGame/Assets
GfxDevice: creating device client; threaded=0; jobified=0
Direct3D:
    Version:  Direct3D 11.0 [level 11.1]
    Renderer: NVIDIA GeForce RTX 3060 Ti (ID=0x2489)
    Vendor:   NVIDIA
    VRAM:     8038 MB
    Driver:   31.0.15.2756
Initialize mono
Mono path[0] = 'C:/Program Files/Unity/Hub/Editor/2021.3.16f1/Editor/Data/Managed'
Mono path[1] = 'C:/Program Files/Unity/Hub/Editor/2021.3.16f1/Editor/Data/MonoBleedingEdge/lib/mono/unityjit-win32'
Mono config path = 'C:/Program Files/Unity/Hub/Editor/2021.3.16f1/Editor/Data/MonoBleedingEdge/etc'
Using monoOptions --debugger-agent=transport=dt_socket,embedding=1,server=y,suspend=n,address=127.0.0.1:56060
Begin MonoManager ReloadAssembly
Registering precompiled unity dll's ...
Register platform support module: C:/Program Files/Unity/Hub/Editor/2021.3.16f1/Editor/Data/PlaybackEngines/WebGLSupport/UnityEditor.WebGL.Extensions.dll
Register platform support module: C:/Program Files/Unity/Hub/Editor/2021.3.16f1/Editor/Data/PlaybackEngines/WindowsStandaloneSupport/UnityEditor.WindowsStandalone.Extensions.dll
Registered in 0.002624 seconds.
Native extension for WindowsStandalone target not found
Native extension for WebGL target not found
Refreshing native plugins compatible for Editor in 58.13 ms, found 4 plugins.
Preloading 0 native plugins for Editor in 0.00 ms.
Mono: successfully reloaded assembly
- Completed reload, in  0.409 seconds
Domain Reload Profiling:
	ReloadAssembly (409ms)
		BeginReloadAssembly (45ms)
			ExecutionOrderSort (0ms)
			DisableScriptedObjects (0ms)
			BackupInstance (0ms)
			ReleaseScriptingObjects (0ms)
			CreateAndSetChildDomain (1ms)
		EndReloadAssembly (295ms)
			LoadAssemblies (44ms)
			RebuildTransferFunctionScriptingTraits (0ms)
			SetupTypeCache (70ms)
			ReleaseScriptCaches (0ms)
			RebuildScriptCaches (17ms)
			SetupLoadedEditorAssemblies (175ms)
				LogAssemblyErrors (0ms)
				InitializePlatformSupportModulesInManaged (6ms)
				SetLoadedEditorAssemblies (0ms)
				RefreshPlugins (58ms)
				BeforeProcessingInitializeOnLoad (1ms)
				ProcessInitializeOnLoadAttributes (81ms)
				ProcessInitializeOnLoadMethodAttributes (29ms)
				AfterProcessingInitializeOnLoad (0ms)
				EditorAssembliesLoaded (0ms)
			ExecutionOrderSort2 (0ms)
			AwakeInstancesAfterBackupRestoration (0ms)
Platform modules already initialized, skipping
Registering precompiled user dll's ...
Registered in 0.003387 seconds.
Begin MonoManager ReloadAssembly
Symbol file LoadedFromMemory doesn't match image C:\Users\vipvi\OneDrive\Documents\GitHub\Unity\MyFirstGame\Library\PackageCache\com.unity.visualscripting@1.7.8\Editor\VisualScripting.Core\Dependencies\YamlDotNet\Unity.VisualScripting.YamlDotNet.dll
Symbol file LoadedFromMemory doesn't match image C:\Users\vipvi\OneDrive\Documents\GitHub\Unity\MyFirstGame\Library\PackageCache\com.unity.visualscripting@1.7.8\Editor\VisualScripting.Core\Dependencies\DotNetZip\Unity.VisualScripting.IonicZip.dll
Native extension for WindowsStandalone target not found
Native extension for WebGL target not found
Refreshing native plugins compatible for Editor in 58.70 ms, found 4 plugins.
Preloading 0 native plugins for Editor in 0.00 ms.
Mono: successfully reloaded assembly
- Completed reload, in  0.729 seconds
Domain Reload Profiling:
	ReloadAssembly (730ms)
		BeginReloadAssembly (70ms)
			ExecutionOrderSort (0ms)
			DisableScriptedObjects (4ms)
			BackupInstance (0ms)
			ReleaseScriptingObjects (0ms)
			CreateAndSetChildDomain (13ms)
		EndReloadAssembly (584ms)
			LoadAssemblies (53ms)
			RebuildTransferFunctionScriptingTraits (0ms)
			SetupTypeCache (154ms)
			ReleaseScriptCaches (0ms)
			RebuildScriptCaches (34ms)
			SetupLoadedEditorAssemblies (312ms)
				LogAssemblyErrors (0ms)
				InitializePlatformSupportModulesInManaged (3ms)
				SetLoadedEditorAssemblies (0ms)
				RefreshPlugins (59ms)
				BeforeProcessingInitializeOnLoad (58ms)
				ProcessInitializeOnLoadAttributes (158ms)
				ProcessInitializeOnLoadMethodAttributes (31ms)
				AfterProcessingInitializeOnLoad (3ms)
				EditorAssembliesLoaded (0ms)
			ExecutionOrderSort2 (0ms)
			AwakeInstancesAfterBackupRestoration (4ms)
Platform modules already initialized, skipping
========================================================================
Worker process is ready to serve import requests
Launched and connected shader compiler UnityShaderCompiler.exe after 0.03 seconds
Refreshing native plugins compatible for Editor in 0.52 ms, found 4 plugins.
Preloading 0 native plugins for Editor in 0.00 ms.
Unloading 4047 Unused Serialized files (Serialized files now loaded: 0)
Unloading 43 unused Assets / (185.6 KB). Loaded Objects now: 4499.
Memory consumption went from 150.8 MB to 150.7 MB.
Total: 2.272200 ms (FindLiveObjects: 0.167600 ms CreateObjectMapping: 0.084900 ms MarkObjects: 1.921300 ms  DeleteObjects: 0.097700 ms)

AssetImportParameters requested are different than current active one (requested -> active):
  custom:video-decoder-ogg-theora: a1e56fd34408186e4bbccfd4996cb3dc -> 
  custom:container-muxer-webm: aa71ff27fc2769a1b78a27578f13a17b -> 
  custom:container-demuxer-webm: 4f35f7cbe854078d1ac9338744f61a02 -> 
  custom:video-encoder-webm-vp8: eb34c28f22e8b96e1ab97ce403110664 -> 
  custom:video-codec-MediaFoundation-h265: 746d11721c4dcdbdad8f713fa42b33f4 -> 
  custom:audio-encoder-webm-vorbis: bf7c407c2cedff20999df2af8eb42d56 -> 
  custom:framework-win-MediaFoundation: 216162199b28c13a410421893ffa2e32 -> 
  custom:container-demuxer-ogg: 62fdf1f143b41e24485cea50d1cbac27 -> 
  custom:video-decoder-webm-vp8: 9c59270c3fd7afecdb556c50c9e8de78 -> 
  custom:audio-decoder-ogg-vorbis: bf7c407c2cedff20999df2af8eb42d56 -> 
========================================================================
Received Import Request.
  Time since last request: 527345.386641 seconds.
  path: Assets/Player/PNG/Jump/jump-1.png
  artifactKey: Guid(43bb53c615538c04ca0d39e371dfd46b) Importer(815301076,1909f56bfc062723c751e8b465ee728b)
Start importing Assets/Player/PNG/Jump/jump-1.png using Guid(43bb53c615538c04ca0d39e371dfd46b) Importer(815301076,1909f56bfc062723c751e8b465ee728b)  -> (artifact id: '1763e9372a69fa57e3428f9b8d845f61') in 0.056817 seconds 
========================================================================
Received Import Request.
  Time since last request: 0.000022 seconds.
  path: Assets/Player/PNG/Jump/jump-13.png
  artifactKey: Guid(8afc7ea64b37c8f459bce6f39de9a521) Importer(815301076,1909f56bfc062723c751e8b465ee728b)
Start importing Assets/Player/PNG/Jump/jump-13.png using Guid(8afc7ea64b37c8f459bce6f39de9a521) Importer(815301076,1909f56bfc062723c751e8b465ee728b)  -> (artifact id: '28c2b29b907c31fe5e62277216911c4e') in 0.007173 seconds 
========================================================================
Received Import Request.
  Time since last request: 16.780503 seconds.
  path: Assets/Player/PNG/Jump/jump-1.png
  artifactKey: Guid(43bb53c615538c04ca0d39e371dfd46b) Importer(815301076,1909f56bfc062723c751e8b465ee728b)
Start importing Assets/Player/PNG/Jump/jump-1.png using Guid(43bb53c615538c04ca0d39e371dfd46b) Importer(815301076,1909f56bfc062723c751e8b465ee728b)  -> (artifact id: '8436dbe34d92035cc22a499696663ba9') in 0.007172 seconds 
========================================================================
Received Import Request.
  Time since last request: 8.824607 seconds.
  path: Assets/Player/PNG/Jump/jump-1.png
  artifactKey: Guid(43bb53c615538c04ca0d39e371dfd46b) Importer(815301076,1909f56bfc062723c751e8b465ee728b)
Start importing Assets/Player/PNG/Jump/jump-1.png using Guid(43bb53c615538c04ca0d39e371dfd46b) Importer(815301076,1909f56bfc062723c751e8b465ee728b)  -> (artifact id: '32ed54bb3078f7e6f2404ad210518a9e') in 0.035583 seconds 
========================================================================
Received Import Request.
  Time since last request: 6.352707 seconds.
  path: Assets/Player/PNG/Jump/jump-2.png
  artifactKey: Guid(4b61b1ab9eb77f040a2d63b05f9bd1c8) Importer(815301076,1909f56bfc062723c751e8b465ee728b)
Start importing Assets/Player/PNG/Jump/jump-2.png using Guid(4b61b1ab9eb77f040a2d63b05f9bd1c8) Importer(815301076,1909f56bfc062723c751e8b465ee728b)  -> (artifact id: '2cf8b09010a75882b6aa145b3981fc72') in 0.008988 seconds 
========================================================================
Received Import Request.
  Time since last request: 8.694910 seconds.
  path: Assets/Player/PNG/Jump/jump-3.png
  artifactKey: Guid(35281874ecbd9e744bd455c456708e7f) Importer(815301076,1909f56bfc062723c751e8b465ee728b)
Start importing Assets/Player/PNG/Jump/jump-3.png using Guid(35281874ecbd9e744bd455c456708e7f) Importer(815301076,1909f56bfc062723c751e8b465ee728b)  -> (artifact id: 'a663afe8c43017935ed6c68e3ec21348') in 0.009495 seconds 
========================================================================
Received Import Request.
  Time since last request: 9.228281 seconds.
  path: Assets/Player/PNG/Jump/jump-4.png
  artifactKey: Guid(b1344094eab36f04c8a458a273cf9916) Importer(815301076,1909f56bfc062723c751e8b465ee728b)
Start importing Assets/Player/PNG/Jump/jump-4.png using Guid(b1344094eab36f04c8a458a273cf9916) Importer(815301076,1909f56bfc062723c751e8b465ee728b)  -> (artifact id: 'e4517df638a865dd3a8592a3264b9667') in 0.013453 seconds 
========================================================================
Received Import Request.
  Time since last request: 4.324902 seconds.
  path: Assets/Player/PNG/Jump/jump-5.png
  artifactKey: Guid(953575cd69211f142a3e18da51b4a3db) Importer(815301076,1909f56bfc062723c751e8b465ee728b)
Start importing Assets/Player/PNG/Jump/jump-5.png using Guid(953575cd69211f142a3e18da51b4a3db) Importer(815301076,1909f56bfc062723c751e8b465ee728b)  -> (artifact id: '587fd3a46f2c62808b4c1e755966211a') in 0.007404 seconds 
========================================================================
Received Import Request.
  Time since last request: 5.222448 seconds.
  path: Assets/Player/PNG/Jump/jump-6.png
  artifactKey: Guid(cf848685fda52194fa672c3f3c22b9f5) Importer(815301076,1909f56bfc062723c751e8b465ee728b)
Start importing Assets/Player/PNG/Jump/jump-6.png using Guid(cf848685fda52194fa672c3f3c22b9f5) Importer(815301076,1909f56bfc062723c751e8b465ee728b)  -> (artifact id: '419fa1025374d46c5ff5f9432042fcf3') in 0.010555 seconds 
========================================================================
Received Import Request.
  Time since last request: 5.735729 seconds.
  path: Assets/Player/PNG/Jump/jump-7.png
  artifactKey: Guid(51f607ad53fceb84599cd5730d3d2fac) Importer(815301076,1909f56bfc062723c751e8b465ee728b)
Start importing Assets/Player/PNG/Jump/jump-7.png using Guid(51f607ad53fceb84599cd5730d3d2fac) Importer(815301076,1909f56bfc062723c751e8b465ee728b)  -> (artifact id: 'c8963fef2d34867d835112e4a325cab7') in 0.008667 seconds 
========================================================================
Received Import Request.
  Time since last request: 6.504105 seconds.
  path: Assets/Player/PNG/Jump/jump-8.png
  artifactKey: Guid(8c61070e8b1fdda43b3e0d6514efb7a2) Importer(815301076,1909f56bfc062723c751e8b465ee728b)
Start importing Assets/Player/PNG/Jump/jump-8.png using Guid(8c61070e8b1fdda43b3e0d6514efb7a2) Importer(815301076,1909f56bfc062723c751e8b465ee728b)  -> (artifact id: '410e8695d72f23240fb926ce7c5d3022') in 0.007891 seconds 
========================================================================
Received Import Request.
  Time since last request: 6.250082 seconds.
  path: Assets/Player/PNG/Jump/jump-9.png
  artifactKey: Guid(76845a7be593c484d9d6f741b61d9fcb) Importer(815301076,1909f56bfc062723c751e8b465ee728b)
Start importing Assets/Player/PNG/Jump/jump-9.png using Guid(76845a7be593c484d9d6f741b61d9fcb) Importer(815301076,1909f56bfc062723c751e8b465ee728b)  -> (artifact id: '707d24e7d50712c5af96eb20aecc94fc') in 0.009430 seconds 
========================================================================
Received Import Request.
  Time since last request: 5.347600 seconds.
  path: Assets/Player/PNG/Jump/jump-10.png
  artifactKey: Guid(af91b6e6a78f94842b268dbef19e8f69) Importer(815301076,1909f56bfc062723c751e8b465ee728b)
Start importing Assets/Player/PNG/Jump/jump-10.png using Guid(af91b6e6a78f94842b268dbef19e8f69) Importer(815301076,1909f56bfc062723c751e8b465ee728b)  -> (artifact id: '6de84b6913a9d5635d7898bc2a58572b') in 0.008674 seconds 
========================================================================
Received Import Request.
  Time since last request: 6.982404 seconds.
  path: Assets/Player/PNG/Jump/jump-11.png
  artifactKey: Guid(80888cd2980b59143aacf8a007a73b28) Importer(815301076,1909f56bfc062723c751e8b465ee728b)
Start importing Assets/Player/PNG/Jump/jump-11.png using Guid(80888cd2980b59143aacf8a007a73b28) Importer(815301076,1909f56bfc062723c751e8b465ee728b)  -> (artifact id: '569202f18c3c9c4af603b929078757d2') in 0.013096 seconds 
========================================================================
Received Import Request.
  Time since last request: 6.539392 seconds.
  path: Assets/Player/PNG/Jump/jump-12.png
  artifactKey: Guid(cd2bc79583ebe8743b81ea1718067a82) Importer(815301076,1909f56bfc062723c751e8b465ee728b)
Start importing Assets/Player/PNG/Jump/jump-12.png using Guid(cd2bc79583ebe8743b81ea1718067a82) Importer(815301076,1909f56bfc062723c751e8b465ee728b)  -> (artifact id: '6eaced1c4270eb49b28e0d09e9ca9556') in 0.008797 seconds 
========================================================================
Received Import Request.
  Time since last request: 5.028519 seconds.
  path: Assets/Player/PNG/Jump/jump-13.png
  artifactKey: Guid(8afc7ea64b37c8f459bce6f39de9a521) Importer(815301076,1909f56bfc062723c751e8b465ee728b)
Start importing Assets/Player/PNG/Jump/jump-13.png using Guid(8afc7ea64b37c8f459bce6f39de9a521) Importer(815301076,1909f56bfc062723c751e8b465ee728b)  -> (artifact id: '7c45f9b0349b451a5a6b4cc70ebbf41c') in 0.016476 seconds 
========================================================================
Received Import Request.
  Time since last request: 5.447139 seconds.
  path: Assets/Player/PNG/Jump/jump-14.png
  artifactKey: Guid(c2b42c539f25ae7489e19d901564ebe6) Importer(815301076,1909f56bfc062723c751e8b465ee728b)
Start importing Assets/Player/PNG/Jump/jump-14.png using Guid(c2b42c539f25ae7489e19d901564ebe6) Importer(815301076,1909f56bfc062723c751e8b465ee728b)  -> (artifact id: 'e8af5323b2386d2108e6ebb59ed054ce') in 0.009694 seconds 
========================================================================
Received Import Request.
  Time since last request: 69.400327 seconds.
  path: Assets/Player/PNG/Hit
  artifactKey: Guid(4ae2f9366f0beba4e87467396d48ff76) Importer(815301076,1909f56bfc062723c751e8b465ee728b)
Start importing Assets/Player/PNG/Hit using Guid(4ae2f9366f0beba4e87467396d48ff76) Importer(815301076,1909f56bfc062723c751e8b465ee728b)  -> (artifact id: '883efb492f200ee75d995a94499befb8') in 0.001163 seconds 
========================================================================
Received Import Request.
  Time since last request: 0.453287 seconds.
  path: Assets/Player/PNG/Jump
  artifactKey: Guid(f18e72b11d54f7d408b6989e89961e7d) Importer(815301076,1909f56bfc062723c751e8b465ee728b)
Start importing Assets/Player/PNG/Jump using Guid(f18e72b11d54f7d408b6989e89961e7d) Importer(815301076,1909f56bfc062723c751e8b465ee728b)  -> (artifact id: '1d6cd9ab5242609ff5349e0048208d20') in 0.001168 seconds 
========================================================================
Received Import Request.
  Time since last request: 1.536953 seconds.
  path: Assets/Player/PNG/Idle/jump.anim
  artifactKey: Guid(61684e121c2ce754f989d9caa8b76479) Importer(815301076,1909f56bfc062723c751e8b465ee728b)
Start importing Assets/Player/PNG/Idle/jump.anim using Guid(61684e121c2ce754f989d9caa8b76479) Importer(815301076,1909f56bfc062723c751e8b465ee728b)  -> (artifact id: 'c67032edee703179d69f9946dfbcec9d') in 0.003702 seconds 
========================================================================
Received Import Request.
  Time since last request: 22.080911 seconds.
  path: Assets/Animation/New Animation.anim
  artifactKey: Guid(6b8228c63778e9d488fc0fb137d94800) Importer(815301076,1909f56bfc062723c751e8b465ee728b)
Start importing Assets/Animation/New Animation.anim using Guid(6b8228c63778e9d488fc0fb137d94800) Importer(815301076,1909f56bfc062723c751e8b465ee728b)  -> (artifact id: '9b810fe8aa023e36dd9a92537cee0694') in 0.001359 seconds 
========================================================================
Received Import Request.
  Time since last request: 3.911977 seconds.
  path: Assets/Animation/Jump.anim
  artifactKey: Guid(6b8228c63778e9d488fc0fb137d94800) Importer(815301076,1909f56bfc062723c751e8b465ee728b)
Start importing Assets/Animation/Jump.anim using Guid(6b8228c63778e9d488fc0fb137d94800) Importer(815301076,1909f56bfc062723c751e8b465ee728b)  -> (artifact id: '9d6d16c9254c7a2da78cfa1be8a4e3ab') in 0.002762 seconds 
========================================================================
Received Import Request.
  Time since last request: 61.178535 seconds.
  path: Assets/Player/PNG/Jump/jump-1.png
  artifactKey: Guid(43bb53c615538c04ca0d39e371dfd46b) Importer(815301076,1909f56bfc062723c751e8b465ee728b)
Start importing Assets/Player/PNG/Jump/jump-1.png using Guid(43bb53c615538c04ca0d39e371dfd46b) Importer(815301076,1909f56bfc062723c751e8b465ee728b)  -> (artifact id: 'd1359000702f1d99922b45612e2f46aa') in 0.011903 seconds 
========================================================================
Received Import Request.
  Time since last request: 0.000028 seconds.
  path: Assets/Player/PNG/Jump/jump-5.png
  artifactKey: Guid(953575cd69211f142a3e18da51b4a3db) Importer(815301076,1909f56bfc062723c751e8b465ee728b)
Start importing Assets/Player/PNG/Jump/jump-5.png using Guid(953575cd69211f142a3e18da51b4a3db) Importer(815301076,1909f56bfc062723c751e8b465ee728b)  -> (artifact id: 'e95b0f224f907e20e2fb108d6afcc8e1') in 0.010651 seconds 
========================================================================
Received Import Request.
  Time since last request: 0.000022 seconds.
  path: Assets/Player/PNG/Jump/jump-7.png
  artifactKey: Guid(51f607ad53fceb84599cd5730d3d2fac) Importer(815301076,1909f56bfc062723c751e8b465ee728b)
Start importing Assets/Player/PNG/Jump/jump-7.png using Guid(51f607ad53fceb84599cd5730d3d2fac) Importer(815301076,1909f56bfc062723c751e8b465ee728b)  -> (artifact id: '83bb80f45a9074506422b47e484070c6') in 0.013850 seconds 
========================================================================
Received Import Request.
  Time since last request: 0.000018 seconds.
  path: Assets/Player/PNG/Jump/jump-8.png
  artifactKey: Guid(8c61070e8b1fdda43b3e0d6514efb7a2) Importer(815301076,1909f56bfc062723c751e8b465ee728b)
Start importing Assets/Player/PNG/Jump/jump-8.png using Guid(8c61070e8b1fdda43b3e0d6514efb7a2) Importer(815301076,1909f56bfc062723c751e8b465ee728b)  -> (artifact id: 'cd6dccd5b9d562364129d49591d166b7') in 0.011578 seconds 
========================================================================
Received Import Request.
  Time since last request: 0.000020 seconds.
  path: Assets/Player/PNG/Jump/jump-11.png
  artifactKey: Guid(80888cd2980b59143aacf8a007a73b28) Importer(815301076,1909f56bfc062723c751e8b465ee728b)
Start importing Assets/Player/PNG/Jump/jump-11.png using Guid(80888cd2980b59143aacf8a007a73b28) Importer(815301076,1909f56bfc062723c751e8b465ee728b)  -> (artifact id: '0e1cd5ede953f7fbd6c31c31d1f8a4d7') in 0.011436 seconds 
========================================================================
Received Import Request.
  Time since last request: 0.000018 seconds.
  path: Assets/Player/PNG/Jump/jump-12.png
  artifactKey: Guid(cd2bc79583ebe8743b81ea1718067a82) Importer(815301076,1909f56bfc062723c751e8b465ee728b)
Start importing Assets/Player/PNG/Jump/jump-12.png using Guid(cd2bc79583ebe8743b81ea1718067a82) Importer(815301076,1909f56bfc062723c751e8b465ee728b)  -> (artifact id: 'cb5daa018796af6262c5c3832bb9cdf0') in 0.012774 seconds 
========================================================================
Received Import Request.
  Time since last request: 0.000016 seconds.
  path: Assets/Player/PNG/Jump/jump-4.png
  artifactKey: Guid(b1344094eab36f04c8a458a273cf9916) Importer(815301076,1909f56bfc062723c751e8b465ee728b)
Start importing Assets/Player/PNG/Jump/jump-4.png using Guid(b1344094eab36f04c8a458a273cf9916) Importer(815301076,1909f56bfc062723c751e8b465ee728b)  -> (artifact id: '2be16ba179789bc7fe3c10b9f1da577f') in 0.012947 seconds 
Editor requested this worker to shutdown with reason: Scaling down because of idle timeout
AssetImportWorker is now disconnected from the server
Process exiting
Exiting without the bug reporter. Application will terminate with return code 0